{"/Users/lpatiny/git/cheminfo-js/screening/src/iconnmr.js": {"path":"/Users/lpatiny/git/cheminfo-js/screening/src/iconnmr.js","statementMap":{"0":{"start":{"line":12,"column":14},"end":{"line":12,"column":35}},"1":{"start":{"line":13,"column":30},"end":{"line":13,"column":37}},"2":{"start":{"line":14,"column":17},"end":{"line":14,"column":19}},"3":{"start":{"line":16,"column":2},"end":{"line":42,"column":3}},"4":{"start":{"line":17,"column":17},"end":{"line":17,"column":57}},"5":{"start":{"line":18,"column":27},"end":{"line":18,"column":64}},"6":{"start":{"line":19,"column":4},"end":{"line":23,"column":5}},"7":{"start":{"line":20,"column":6},"end":{"line":20,"column":44}},"8":{"start":{"line":21,"column":6},"end":{"line":21,"column":40}},"9":{"start":{"line":22,"column":6},"end":{"line":22,"column":30}},"10":{"start":{"line":24,"column":4},"end":{"line":24,"column":42}},"11":{"start":{"line":25,"column":4},"end":{"line":25,"column":38}},"12":{"start":{"line":26,"column":4},"end":{"line":26,"column":56}},"13":{"start":{"line":26,"column":29},"end":{"line":26,"column":56}},"14":{"start":{"line":27,"column":4},"end":{"line":27,"column":42}},"15":{"start":{"line":28,"column":4},"end":{"line":28,"column":44}},"16":{"start":{"line":29,"column":4},"end":{"line":40,"column":5}},"17":{"start":{"line":30,"column":6},"end":{"line":30,"column":51}},"18":{"start":{"line":31,"column":6},"end":{"line":31,"column":53}},"19":{"start":{"line":32,"column":6},"end":{"line":32,"column":59}},"20":{"start":{"line":33,"column":6},"end":{"line":39,"column":7}},"21":{"start":{"line":34,"column":25},"end":{"line":34,"column":27}},"22":{"start":{"line":35,"column":8},"end":{"line":37,"column":9}},"23":{"start":{"line":36,"column":10},"end":{"line":36,"column":60}},"24":{"start":{"line":38,"column":8},"end":{"line":38,"column":60}},"25":{"start":{"line":41,"column":4},"end":{"line":41,"column":22}},"26":{"start":{"line":43,"column":2},"end":{"line":43,"column":28}},"27":{"start":{"line":47,"column":2},"end":{"line":47,"column":60}},"28":{"start":{"line":51,"column":2},"end":{"line":51,"column":45}}},"fnMap":{"0":{"name":"generateFile","decl":{"start":{"line":11,"column":16},"end":{"line":11,"column":28}},"loc":{"start":{"line":11,"column":53},"end":{"line":44,"column":1}},"line":11},"1":{"name":"getHolder","decl":{"start":{"line":46,"column":9},"end":{"line":46,"column":18}},"loc":{"start":{"line":46,"column":42},"end":{"line":48,"column":1}},"line":46},"2":{"name":"getExperimentNumber","decl":{"start":{"line":50,"column":9},"end":{"line":50,"column":28}},"loc":{"start":{"line":50,"column":39},"end":{"line":52,"column":1}},"line":50}},"branchMap":{"0":{"loc":{"start":{"line":11,"column":39},"end":{"line":11,"column":51}},"type":"default-arg","locations":[{"start":{"line":11,"column":49},"end":{"line":11,"column":51}}],"line":11},"1":{"loc":{"start":{"line":12,"column":14},"end":{"line":12,"column":35}},"type":"binary-expr","locations":[{"start":{"line":12,"column":14},"end":{"line":12,"column":25}},{"start":{"line":12,"column":29},"end":{"line":12,"column":35}}],"line":12},"2":{"loc":{"start":{"line":13,"column":10},"end":{"line":13,"column":25}},"type":"default-arg","locations":[{"start":{"line":13,"column":24},"end":{"line":13,"column":25}}],"line":13},"3":{"loc":{"start":{"line":19,"column":4},"end":{"line":23,"column":5}},"type":"if","locations":[{"start":{"line":19,"column":4},"end":{"line":23,"column":5}},{"start":{"line":19,"column":4},"end":{"line":23,"column":5}}],"line":19},"4":{"loc":{"start":{"line":26,"column":4},"end":{"line":26,"column":56}},"type":"if","locations":[{"start":{"line":26,"column":4},"end":{"line":26,"column":56}},{"start":{"line":26,"column":4},"end":{"line":26,"column":56}}],"line":26},"5":{"loc":{"start":{"line":33,"column":6},"end":{"line":39,"column":7}},"type":"if","locations":[{"start":{"line":33,"column":6},"end":{"line":39,"column":7}},{"start":{"line":33,"column":6},"end":{"line":39,"column":7}}],"line":33},"6":{"loc":{"start":{"line":33,"column":10},"end":{"line":33,"column":67}},"type":"binary-expr","locations":[{"start":{"line":33,"column":10},"end":{"line":33,"column":31}},{"start":{"line":33,"column":35},"end":{"line":33,"column":67}}],"line":33}},"s":{"0":1,"1":1,"2":1,"3":1,"4":2,"5":2,"6":2,"7":0,"8":0,"9":0,"10":2,"11":2,"12":2,"13":2,"14":2,"15":2,"16":2,"17":4,"18":4,"19":4,"20":4,"21":0,"22":0,"23":0,"24":0,"25":2,"26":1,"27":2,"28":2},"f":{"0":1,"1":2,"2":2},"b":{"0":[0],"1":[1,0],"2":[0],"3":[0,2],"4":[2,0],"5":[0,4],"6":[4,2]},"_coverageSchema":"1a1c01bbd47fc00a2c39e90264f33305004495a9","hash":"57e877b29803b7cf8669930d468281bae2e5c572"}
,"/Users/lpatiny/git/cheminfo-js/screening/src/plate.js": {"path":"/Users/lpatiny/git/cheminfo-js/screening/src/plate.js","statementMap":{"0":{"start":{"line":9,"column":4},"end":{"line":9,"column":28}},"1":{"start":{"line":11,"column":4},"end":{"line":11,"column":37}},"2":{"start":{"line":12,"column":4},"end":{"line":12,"column":57}},"3":{"start":{"line":13,"column":4},"end":{"line":13,"column":41}},"4":{"start":{"line":14,"column":4},"end":{"line":14,"column":22}},"5":{"start":{"line":18,"column":4},"end":{"line":18,"column":22}},"6":{"start":{"line":22,"column":4},"end":{"line":49,"column":5}},"7":{"start":{"line":23,"column":6},"end":{"line":25,"column":9}},"8":{"start":{"line":24,"column":8},"end":{"line":24,"column":30}},"9":{"start":{"line":26,"column":16},"end":{"line":26,"column":35}},"10":{"start":{"line":28,"column":6},"end":{"line":40,"column":7}},"11":{"start":{"line":29,"column":19},"end":{"line":29,"column":24}},"12":{"start":{"line":30,"column":17},"end":{"line":30,"column":22}},"13":{"start":{"line":31,"column":8},"end":{"line":39,"column":9}},"14":{"start":{"line":32,"column":10},"end":{"line":35,"column":11}},"15":{"start":{"line":32,"column":23},"end":{"line":32,"column":27}},"16":{"start":{"line":33,"column":23},"end":{"line":33,"column":40}},"17":{"start":{"line":34,"column":12},"end":{"line":34,"column":58}},"18":{"start":{"line":34,"column":37},"end":{"line":34,"column":58}},"19":{"start":{"line":37,"column":21},"end":{"line":37,"column":41}},"20":{"start":{"line":38,"column":10},"end":{"line":38,"column":56}},"21":{"start":{"line":38,"column":35},"end":{"line":38,"column":56}},"22":{"start":{"line":42,"column":6},"end":{"line":48,"column":9}},"23":{"start":{"line":43,"column":8},"end":{"line":47,"column":9}},"24":{"start":{"line":44,"column":10},"end":{"line":44,"column":32}},"25":{"start":{"line":46,"column":10},"end":{"line":46,"column":31}},"26":{"start":{"line":53,"column":4},"end":{"line":53,"column":29}},"27":{"start":{"line":57,"column":4},"end":{"line":65,"column":7}},"28":{"start":{"line":58,"column":6},"end":{"line":64,"column":7}},"29":{"start":{"line":59,"column":8},"end":{"line":59,"column":29}},"30":{"start":{"line":60,"column":13},"end":{"line":64,"column":7}},"31":{"start":{"line":61,"column":8},"end":{"line":61,"column":51}},"32":{"start":{"line":63,"column":8},"end":{"line":63,"column":53}},"33":{"start":{"line":69,"column":4},"end":{"line":69,"column":66}},"34":{"start":{"line":73,"column":4},"end":{"line":73,"column":34}},"35":{"start":{"line":77,"column":4},"end":{"line":77,"column":38}},"36":{"start":{"line":78,"column":4},"end":{"line":87,"column":5}},"37":{"start":{"line":78,"column":19},"end":{"line":78,"column":20}},"38":{"start":{"line":79,"column":6},"end":{"line":86,"column":7}},"39":{"start":{"line":79,"column":24},"end":{"line":79,"column":25}},"40":{"start":{"line":80,"column":16},"end":{"line":80,"column":41}},"41":{"start":{"line":81,"column":8},"end":{"line":85,"column":10}},"42":{"start":{"line":93,"column":4},"end":{"line":93,"column":69}},"43":{"start":{"line":94,"column":2},"end":{"line":94,"column":17}}},"fnMap":{"0":{"name":"(anonymous_0)","decl":{"start":{"line":8,"column":2},"end":{"line":8,"column":3}},"loc":{"start":{"line":8,"column":23},"end":{"line":15,"column":3}},"line":8},"1":{"name":"(anonymous_1)","decl":{"start":{"line":17,"column":2},"end":{"line":17,"column":3}},"loc":{"start":{"line":17,"column":13},"end":{"line":19,"column":3}},"line":17},"2":{"name":"(anonymous_2)","decl":{"start":{"line":21,"column":2},"end":{"line":21,"column":3}},"loc":{"start":{"line":21,"column":16},"end":{"line":50,"column":3}},"line":21},"3":{"name":"(anonymous_3)","decl":{"start":{"line":23,"column":25},"end":{"line":23,"column":26}},"loc":{"start":{"line":23,"column":41},"end":{"line":25,"column":7}},"line":23},"4":{"name":"(anonymous_4)","decl":{"start":{"line":42,"column":25},"end":{"line":42,"column":26}},"loc":{"start":{"line":42,"column":41},"end":{"line":48,"column":7}},"line":42},"5":{"name":"(anonymous_5)","decl":{"start":{"line":52,"column":2},"end":{"line":52,"column":3}},"loc":{"start":{"line":52,"column":25},"end":{"line":54,"column":3}},"line":52},"6":{"name":"(anonymous_6)","decl":{"start":{"line":56,"column":2},"end":{"line":56,"column":3}},"loc":{"start":{"line":56,"column":16},"end":{"line":66,"column":3}},"line":56},"7":{"name":"(anonymous_7)","decl":{"start":{"line":57,"column":23},"end":{"line":57,"column":24}},"loc":{"start":{"line":57,"column":39},"end":{"line":65,"column":5}},"line":57},"8":{"name":"(anonymous_8)","decl":{"start":{"line":68,"column":2},"end":{"line":68,"column":3}},"loc":{"start":{"line":68,"column":26},"end":{"line":70,"column":3}},"line":68},"9":{"name":"(anonymous_9)","decl":{"start":{"line":72,"column":2},"end":{"line":72,"column":3}},"loc":{"start":{"line":72,"column":22},"end":{"line":74,"column":3}},"line":72},"10":{"name":"(anonymous_10)","decl":{"start":{"line":76,"column":2},"end":{"line":76,"column":3}},"loc":{"start":{"line":76,"column":15},"end":{"line":88,"column":3}},"line":76},"11":{"name":"isEmpty","decl":{"start":{"line":91,"column":9},"end":{"line":91,"column":16}},"loc":{"start":{"line":91,"column":25},"end":{"line":95,"column":1}},"line":91}},"branchMap":{"0":{"loc":{"start":{"line":9,"column":14},"end":{"line":9,"column":27}},"type":"binary-expr","locations":[{"start":{"line":9,"column":14},"end":{"line":9,"column":21}},{"start":{"line":9,"column":25},"end":{"line":9,"column":27}}],"line":9},"1":{"loc":{"start":{"line":11,"column":17},"end":{"line":11,"column":36}},"type":"binary-expr","locations":[{"start":{"line":11,"column":17},"end":{"line":11,"column":30}},{"start":{"line":11,"column":34},"end":{"line":11,"column":36}}],"line":11},"2":{"loc":{"start":{"line":12,"column":18},"end":{"line":12,"column":56}},"type":"binary-expr","locations":[{"start":{"line":12,"column":18},"end":{"line":12,"column":32}},{"start":{"line":12,"column":36},"end":{"line":12,"column":56}}],"line":12},"3":{"loc":{"start":{"line":22,"column":4},"end":{"line":49,"column":5}},"type":"if","locations":[{"start":{"line":22,"column":4},"end":{"line":49,"column":5}},{"start":{"line":22,"column":4},"end":{"line":49,"column":5}}],"line":22},"4":{"loc":{"start":{"line":31,"column":8},"end":{"line":39,"column":9}},"type":"if","locations":[{"start":{"line":31,"column":8},"end":{"line":39,"column":9}},{"start":{"line":31,"column":8},"end":{"line":39,"column":9}}],"line":31},"5":{"loc":{"start":{"line":31,"column":12},"end":{"line":31,"column":28}},"type":"binary-expr","locations":[{"start":{"line":31,"column":12},"end":{"line":31,"column":14}},{"start":{"line":31,"column":18},"end":{"line":31,"column":28}}],"line":31},"6":{"loc":{"start":{"line":34,"column":12},"end":{"line":34,"column":58}},"type":"if","locations":[{"start":{"line":34,"column":12},"end":{"line":34,"column":58}},{"start":{"line":34,"column":12},"end":{"line":34,"column":58}}],"line":34},"7":{"loc":{"start":{"line":38,"column":10},"end":{"line":38,"column":56}},"type":"if","locations":[{"start":{"line":38,"column":10},"end":{"line":38,"column":56}},{"start":{"line":38,"column":10},"end":{"line":38,"column":56}}],"line":38},"8":{"loc":{"start":{"line":43,"column":8},"end":{"line":47,"column":9}},"type":"if","locations":[{"start":{"line":43,"column":8},"end":{"line":47,"column":9}},{"start":{"line":43,"column":8},"end":{"line":47,"column":9}}],"line":43},"9":{"loc":{"start":{"line":58,"column":6},"end":{"line":64,"column":7}},"type":"if","locations":[{"start":{"line":58,"column":6},"end":{"line":64,"column":7}},{"start":{"line":58,"column":6},"end":{"line":64,"column":7}}],"line":58},"10":{"loc":{"start":{"line":60,"column":13},"end":{"line":64,"column":7}},"type":"if","locations":[{"start":{"line":60,"column":13},"end":{"line":64,"column":7}},{"start":{"line":60,"column":13},"end":{"line":64,"column":7}}],"line":60},"11":{"loc":{"start":{"line":93,"column":4},"end":{"line":93,"column":69}},"type":"binary-expr","locations":[{"start":{"line":93,"column":4},"end":{"line":93,"column":36}},{"start":{"line":93,"column":40},"end":{"line":93,"column":69}}],"line":93}},"s":{"0":2,"1":2,"2":2,"3":2,"4":2,"5":0,"6":1,"7":1,"8":96,"9":1,"10":1,"11":4,"12":4,"13":4,"14":2,"15":2,"16":21,"17":21,"18":10,"19":2,"20":2,"21":1,"22":0,"23":0,"24":0,"25":0,"26":0,"27":0,"28":0,"29":0,"30":0,"31":0,"32":0,"33":0,"34":0,"35":2,"36":2,"37":2,"38":10,"39":10,"40":102,"41":102,"42":23,"43":23},"f":{"0":2,"1":0,"2":1,"3":96,"4":0,"5":0,"6":0,"7":0,"8":0,"9":0,"10":2,"11":23},"b":{"0":[2,1],"1":[2,1],"2":[2,1],"3":[1,0],"4":[2,2],"5":[4,2],"6":[10,11],"7":[1,1],"8":[0,0],"9":[0,0],"10":[0,0],"11":[23,12]},"_coverageSchema":"1a1c01bbd47fc00a2c39e90264f33305004495a9","hash":"f0b86002d613bd9daeb949f3065ffdf53e04ed3a"}
,"/Users/lpatiny/git/cheminfo-js/screening/src/util.js": {"path":"/Users/lpatiny/git/cheminfo-js/screening/src/util.js","statementMap":{"0":{"start":{"line":5,"column":2},"end":{"line":7,"column":3}},"1":{"start":{"line":6,"column":4},"end":{"line":6,"column":62}},"2":{"start":{"line":8,"column":2},"end":{"line":8,"column":62}},"3":{"start":{"line":9,"column":15},"end":{"line":9,"column":45}},"4":{"start":{"line":10,"column":15},"end":{"line":10,"column":45}},"5":{"start":{"line":11,"column":2},"end":{"line":11,"column":59}},"6":{"start":{"line":15,"column":2},"end":{"line":17,"column":3}},"7":{"start":{"line":16,"column":4},"end":{"line":16,"column":62}},"8":{"start":{"line":18,"column":2},"end":{"line":18,"column":11}},"9":{"start":{"line":19,"column":2},"end":{"line":21,"column":4}},"10":{"start":{"line":25,"column":15},"end":{"line":25,"column":16}},"11":{"start":{"line":26,"column":2},"end":{"line":29,"column":3}},"12":{"start":{"line":26,"column":15},"end":{"line":26,"column":16}},"13":{"start":{"line":27,"column":4},"end":{"line":27,"column":17}},"14":{"start":{"line":28,"column":4},"end":{"line":28,"column":40}},"15":{"start":{"line":30,"column":2},"end":{"line":30,"column":16}},"16":{"start":{"line":34,"column":15},"end":{"line":34,"column":17}},"17":{"start":{"line":35,"column":2},"end":{"line":38,"column":3}},"18":{"start":{"line":36,"column":4},"end":{"line":36,"column":68}},"19":{"start":{"line":37,"column":4},"end":{"line":37,"column":43}},"20":{"start":{"line":39,"column":2},"end":{"line":39,"column":16}}},"fnMap":{"0":{"name":"positionToNumber","decl":{"start":{"line":4,"column":16},"end":{"line":4,"column":32}},"loc":{"start":{"line":4,"column":50},"end":{"line":12,"column":1}},"line":4},"1":{"name":"numberToPosition","decl":{"start":{"line":14,"column":16},"end":{"line":14,"column":32}},"loc":{"start":{"line":14,"column":48},"end":{"line":22,"column":1}},"line":14},"2":{"name":"stringToNumber","decl":{"start":{"line":24,"column":16},"end":{"line":24,"column":30}},"loc":{"start":{"line":24,"column":39},"end":{"line":31,"column":1}},"line":24},"3":{"name":"numberToString","decl":{"start":{"line":33,"column":16},"end":{"line":33,"column":30}},"loc":{"start":{"line":33,"column":39},"end":{"line":40,"column":1}},"line":33}},"branchMap":{"0":{"loc":{"start":{"line":5,"column":2},"end":{"line":7,"column":3}},"type":"if","locations":[{"start":{"line":5,"column":2},"end":{"line":7,"column":3}},{"start":{"line":5,"column":2},"end":{"line":7,"column":3}}],"line":5},"1":{"loc":{"start":{"line":15,"column":2},"end":{"line":17,"column":3}},"type":"if","locations":[{"start":{"line":15,"column":2},"end":{"line":17,"column":3}},{"start":{"line":15,"column":2},"end":{"line":17,"column":3}}],"line":15}},"s":{"0":8,"1":0,"2":8,"3":8,"4":8,"5":8,"6":106,"7":0,"8":106,"9":106,"10":12,"11":12,"12":12,"13":14,"14":14,"15":12,"16":110,"17":110,"18":112,"19":112,"20":110},"f":{"0":8,"1":106,"2":12,"3":110},"b":{"0":[0,8],"1":[0,106]},"_coverageSchema":"1a1c01bbd47fc00a2c39e90264f33305004495a9","hash":"89f284892b23ddc0cfd9167a3b7a0a45f977dcf7"}
}
