TN:
SF:src/iconnmr.js
FN:11,generateFile
FN:46,getHolder
FN:50,getExperimentNumber
FNF:3
FNH:3
FNDA:1,generateFile
FNDA:2,getHolder
FNDA:2,getExperimentNumber
DA:12,1
DA:13,1
DA:14,1
DA:16,1
DA:17,2
DA:18,2
DA:19,2
DA:20,0
DA:21,0
DA:22,0
DA:24,2
DA:25,2
DA:26,2
DA:27,2
DA:28,2
DA:29,2
DA:30,4
DA:31,4
DA:32,4
DA:33,4
DA:34,0
DA:35,0
DA:36,0
DA:38,0
DA:41,2
DA:43,1
DA:47,2
DA:51,2
LF:28
LH:21
BRDA:11,0,0,0
BRDA:12,1,0,1
BRDA:12,1,1,0
BRDA:13,2,0,0
BRDA:19,3,0,0
BRDA:19,3,1,2
BRDA:26,4,0,2
BRDA:26,4,1,0
BRDA:33,5,0,0
BRDA:33,5,1,4
BRDA:33,6,0,4
BRDA:33,6,1,2
BRF:12
BRH:6
end_of_record
TN:
SF:src/plate.js
FN:8,(anonymous_0)
FN:17,(anonymous_1)
FN:21,(anonymous_2)
FN:23,(anonymous_3)
FN:42,(anonymous_4)
FN:52,(anonymous_5)
FN:56,(anonymous_6)
FN:57,(anonymous_7)
FN:68,(anonymous_8)
FN:72,(anonymous_9)
FN:76,(anonymous_10)
FN:91,isEmpty
FNF:12
FNH:5
FNDA:2,(anonymous_0)
FNDA:0,(anonymous_1)
FNDA:1,(anonymous_2)
FNDA:96,(anonymous_3)
FNDA:0,(anonymous_4)
FNDA:0,(anonymous_5)
FNDA:0,(anonymous_6)
FNDA:0,(anonymous_7)
FNDA:0,(anonymous_8)
FNDA:0,(anonymous_9)
FNDA:2,(anonymous_10)
FNDA:23,isEmpty
DA:9,2
DA:11,2
DA:12,2
DA:13,2
DA:14,2
DA:18,0
DA:22,1
DA:23,1
DA:24,96
DA:26,1
DA:28,1
DA:29,4
DA:30,4
DA:31,4
DA:32,2
DA:33,21
DA:34,21
DA:37,2
DA:38,2
DA:42,0
DA:43,0
DA:44,0
DA:46,0
DA:53,0
DA:57,0
DA:58,0
DA:59,0
DA:60,0
DA:61,0
DA:63,0
DA:69,0
DA:73,0
DA:77,2
DA:78,2
DA:79,10
DA:80,102
DA:81,102
DA:93,23
DA:94,23
LF:39
LH:25
BRDA:9,0,0,2
BRDA:9,0,1,1
BRDA:11,1,0,2
BRDA:11,1,1,1
BRDA:12,2,0,2
BRDA:12,2,1,1
BRDA:22,3,0,1
BRDA:22,3,1,0
BRDA:31,4,0,2
BRDA:31,4,1,2
BRDA:31,5,0,4
BRDA:31,5,1,2
BRDA:34,6,0,10
BRDA:34,6,1,11
BRDA:38,7,0,1
BRDA:38,7,1,1
BRDA:43,8,0,0
BRDA:43,8,1,0
BRDA:58,9,0,0
BRDA:58,9,1,0
BRDA:60,10,0,0
BRDA:60,10,1,0
BRDA:93,11,0,23
BRDA:93,11,1,12
BRF:24
BRH:17
end_of_record
TN:
SF:src/util.js
FN:4,positionToNumber
FN:14,numberToPosition
FN:24,stringToNumber
FN:33,numberToString
FNF:4
FNH:4
FNDA:8,positionToNumber
FNDA:106,numberToPosition
FNDA:12,stringToNumber
FNDA:110,numberToString
DA:5,8
DA:6,0
DA:8,8
DA:9,8
DA:10,8
DA:11,8
DA:15,106
DA:16,0
DA:18,106
DA:19,106
DA:25,12
DA:26,12
DA:27,14
DA:28,14
DA:30,12
DA:34,110
DA:35,110
DA:36,112
DA:37,112
DA:39,110
LF:20
LH:18
BRDA:5,0,0,0
BRDA:5,0,1,8
BRDA:15,1,0,0
BRDA:15,1,1,106
BRF:4
BRH:2
end_of_record
